<?xml version="1.0" encoding="UTF-8"?>
<!-- Generated by org.testng.reporters.JUnitXMLReporter -->
<testsuite hostname="C02F5BB0MD6M" ignored="0" name="ToDoAppAutomationSuit" tests="7" failures="0" timestamp="2023-08-16T15:41:21 IST" time="4.859" errors="0">
  <testcase name="testInputValidation" time="0.13" classname="todo.test.ToDoTestCases"/>
  <testcase name="addTask" time="0.163" classname="todo.test.ToDoTestCases"/>
  <testcase name="markSpecificTaskAsDone" time="0.247" classname="todo.test.ToDoTestCases"/>
  <testcase name="testDeleteSpecificTask" time="0.058" classname="todo.test.ToDoTestCases"/>
  <testcase name="markAllDone" time="0.56" classname="todo.test.ToDoTestCases"/>
  <testcase name="deleteAllTask" time="0.396" classname="todo.test.ToDoTestCases"/>
  <testcase name="markAllNotDone" time="0.388" classname="todo.test.ToDoTestCases"/>
</testsuite> <!-- ToDoAppAutomationSuit -->
